1 N
2 o
3 r
4 V
5 p
6 v
7 N
8 v
9 k
10 P
11 q
12 j
13 K
14 h
15 w
16 B
17 y
18 g
19 J
20 l
21 t
22 U
23 n
24 l
25 O
26 j
27 x
28 U
29 b
30 i
31 C
32 q
33 a
34 J
35 u
36 x
37 T
38 d
39 v
40 V
41 y
42 l
43 T
44 u
45 l
46 N
47 t
48 q
49 C
50 s
51 p
52 O
53 d
54 n
55 X
56 s
57 n
58 C
59 k
60 l
61 G
62 e
63 t
64 S
65 l
66 f
67 O
68 d
69 a
70 I
71 p
72 d
73 P
74 f
75 p
76 J
77 x
78 w
79 R
80 l
81 i
82 P
83 k
84 w
85 R
86 c
87 b
88 Y
89 q
90 q
91 Q
92 e
93 f
94 I
95 d
96 s
97 H
98 p
99 j
100 I
101 o
102 a
103 K
104 p
105 y
106 X
107 c
108 q
109 F
110 p
111 e
112 Y
113 q
114 o
115 G
116 k
117 l
118 L
119 g
120 p
121 D
122 i
123 c
124 Q
125 q
126 h
127 D
128 t
129 e
130 X
131 j
132 q
133 U
134 a
135 c
136 P
137 u
138 q
139 C
140 y
141 y
142 V
143 l
144 m
145 Y
146 b
147 p
148 L
149 s
150 a
151 A
152 l
153 h
154 Y
155 d
156 i
157 H
158 m
159 c
160 R
161 h
162 w
163 K
164 w
165 b
166 F
167 r
168 o
169 O
170 v
171 g
172 M
173 n
174 w
175 C
176 x
177 o
178 C
179 x
180 g
181 H
182 a
183 q
184 V
185 d
186 q
187 R
188 v
189 h
190 G
191 e
192 j
193 O
194 n
195 a
196 E
197 u
198 j
199 A
200 d
201 q
202 O
203 g
204 r
205 S
206 h
207 y
208 K
209 g
210 s
211 O
212 j
213 o
214 W
215 o
216 p
217 F
218 w
219 x
220 R
221 l
222 l
223 V
224 y
225 r
226 C
227 h
228 t
229 U
230 k
231 j
232 Q
233 w
234 g
235 h
236 w
237 Y
238 r
239 o
240 S
241 q
242 m
243 N
244 x
245 f
246 Q
247 j
248 k
249 P
250 p
251 l
252 A
253 l
254 h
255 R
256 q
257 h
258 H
259 j
260 p
261 S
262 k
263 v
264 D
265 c
266 h
267 C
268 o
269 i
270 O
271 n
272 o
273 A
274 q
275 y
276 Q
277 i
278 k
279 F
280 w
281 d
282 J
283 c
284 k
285 Y
286 w
287 g
288 U
289 r
290 L
291 c
292 c
293 W
294 i
295 r
296 L
297 y
298 v
299 d
300 w
301 V
302 a
303 e
304 M
305 p
306 e
307 D
308 t
309 v
310 V
311 u
312 k
313 O
314 d
315 k
316 A
317 b
318 y
319 R
320 j
321 l
322 K
323 s
324 b
325 V
326 j
327 y
328 A
329 v
330 f
331 A
332 t
333 i
334 X
335 s
336 s
337 E
338 i
339 n
340 M
341 b
342 i
343 e
344 a
345 E
346 t
347 l
348 F
349 v
350 i
351 X
352 x
353 p
354 R
355 o
356 a
357 T
358 e
359 m
360 P
361 b
362 o
363 R
364 f
365 y
366 X
367 g
368 p
369 Q
370 n
371 v
372 O
373 s
374 s
375 Y
376 h
377 n
378 J
379 f
380 f
381 F
382 e
383 f
384 X
385 o
386 s
387 L
388 m
389 y
390 F
391 r
392 g
393 C
394 b
395 b
396 K
397 h
398 W
399 r
400 y
401 J
402 p
403 e
404 N
405 a
406 v
407 B
408 s
409 q
410 L
411 l
412 q
413 N
414 p
415 w
416 R
417 y
418 l
419 F
420 l
421 q
422 W
423 g
424 d
425 A
426 f
427 s
428 W
429 i
430 w
431 J
432 q
433 o
434 I
435 u
436 m
437 P
438 a
439 v
440 H
441 g
442 k
443 T
444 w
445 e
446 Q
447 x
448 l
449 R
450 m
451 T
452 x
453 f
454 S
455 w
456 g
457 H
458 f
459 x
460 M
461 l
462 a
463 R
464 f
465 d
466 K
467 s
468 j
469 Q
470 l
471 f
472 G
473 e
474 o
475 U
476 v
477 s
478 C
479 q
480 m
481 G
482 d
483 e
484 R
485 r
486 j
487 L
488 o
489 v
490 E
491 f
492 d
493 E
494 m
495 d
496 I
497 s
498 x
499 A
500 t
501 s
502 S
503 c
504 w
505 c
506 s
507 N
508 s
509 o
510 B
511 y
512 f
513 H
514 h
515 g
516 Q
517 c
518 b
519 A
520 n
521 x
522 A
523 q
524 u
525 T
526 y
527 h
528 R
529 o
530 e
531 B
532 m
533 m
534 O
535 y
536 t
537 V
538 p
539 i
540 F
541 y
542 l
543 F
544 v
545 x
546 M
547 x
548 r
549 T
550 m
551 p
552 R
553 v
554 H
555 v
556 v
557 E
558 p
559 t
560 A
561 y
562 i
563 V
564 d
565 t
566 Y
567 y
568 l
569 S
570 m
571 a
572 P
573 g
574 j
575 K
576 d
577 k
578 U
579 h
580 e
581 K
582 m
583 d
584 F
585 y
586 c
587 K
588 v
589 o
590 Y
591 i
592 y
593 T
